<?xml version="1.0" encoding="UTF-8"?>
<!-- Generated by org.testng.reporters.JUnitReportReporter -->
<testsuite skipped="0" hostname="DESKTOP-PGP87JA" name="com.hailo.qa.testcases.AddSupplierTest" tests="4" failures="0" timestamp="19 Feb 2021 20:57:08 GMT" time="269.382" errors="0">
  <testcase name="createNewSupplierTest" time="51.337" classname="com.hailo.qa.testcases.AddSupplierTest"/>
  <testcase name="addNewSupplierLocationTest" time="49.521" classname="com.hailo.qa.testcases.AddSupplierTest"/>
  <testcase name="editNewSupplierLocationTest" time="53.332" classname="com.hailo.qa.testcases.AddSupplierTest"/>
  <testcase name="deleteSupplierLocationTest" time="115.192" classname="com.hailo.qa.testcases.AddSupplierTest"/>
</testsuite> <!-- com.hailo.qa.testcases.AddSupplierTest -->
