<?xml version="1.0" encoding="UTF-8"?>
<!-- Generated by org.testng.reporters.JUnitReportReporter -->
<testsuite skipped="0" hostname="DESKTOP-PGP87JA" name="com.hailo.qa.testcases.AddSupplierTest" tests="9" failures="0" timestamp="20 Feb 2021 08:24:11 GMT" time="680.903" errors="0">
  <testcase name="createNewSupplierTest" time="72.933" classname="com.hailo.qa.testcases.AddSupplierTest"/>
  <testcase name="searchSupplierTest" time="64.974" classname="com.hailo.qa.testcases.AddSupplierTest"/>
  <testcase name="viewSupplierTest" time="64.848" classname="com.hailo.qa.testcases.AddSupplierTest"/>
  <testcase name="editSupplierTest" time="82.330" classname="com.hailo.qa.testcases.AddSupplierTest"/>
  <testcase name="addNewSupplierLocationTest" time="63.927" classname="com.hailo.qa.testcases.AddSupplierTest"/>
  <testcase name="viewSupplierLocationTest" time="73.670" classname="com.hailo.qa.testcases.AddSupplierTest"/>
  <testcase name="editNewSupplierLocationTest" time="105.489" classname="com.hailo.qa.testcases.AddSupplierTest"/>
  <testcase name="deleteSupplierLocationTest" time="68.732" classname="com.hailo.qa.testcases.AddSupplierTest"/>
  <testcase name="deleteSupplierTest" time="84.000" classname="com.hailo.qa.testcases.AddSupplierTest"/>
</testsuite> <!-- com.hailo.qa.testcases.AddSupplierTest -->
