<?xml version="1.0" encoding="UTF-8"?>
<!-- Generated by org.testng.reporters.JUnitReportReporter -->
<testsuite skipped="0" hostname="DESKTOP-PGP87JA" name="com.hailo.qa.testcases.AdminTest" tests="1" failures="0" timestamp="07 Feb 2021 14:30:44 GMT" time="39.396" errors="0">
  <testcase name="toggleUserStatus" time="39.396" classname="com.hailo.qa.testcases.AdminTest"/>
</testsuite> <!-- com.hailo.qa.testcases.AdminTest -->
