<?xml version="1.0" encoding="UTF-8"?>
<!-- Generated by org.testng.reporters.JUnitReportReporter -->
<testsuite skipped="0" hostname="DESKTOP-PGP87JA" name="com.hailo.qa.testcases.AddPromoItemTest" tests="1" failures="0" timestamp="06 Feb 2021 11:26:07 GMT" time="54.295" errors="0">
  <testcase name="createNewPromo" time="54.295" classname="com.hailo.qa.testcases.AddPromoItemTest"/>
</testsuite> <!-- com.hailo.qa.testcases.AddPromoItemTest -->
