<?xml version="1.0" encoding="UTF-8"?>
<!-- Generated by org.testng.reporters.JUnitReportReporter -->
<testsuite hostname="MJBPUNL013" failures="0" tests="1" name="com.hailo.qa.testcases.AddSupplierTest" time="35.185" errors="0" timestamp="05 Feb 2021 15:55:53 GMT" skipped="0">
  <testcase classname="com.hailo.qa.testcases.AddSupplierTest" name="createNewSupplier" time="35.185"/>
</testsuite> <!-- com.hailo.qa.testcases.AddSupplierTest -->
