<?xml version="1.0" encoding="UTF-8"?>
<!-- Generated by org.testng.reporters.JUnitReportReporter -->
<testsuite hostname="MJBPUNL013" failures="0" tests="3" name="com.hailo.qa.testcases.LoginPageTest" time="38.705" errors="0" timestamp="06 Feb 2021 09:46:03 GMT" skipped="0">
  <testcase classname="com.hailo.qa.testcases.LoginPageTest" name="loginPageTitleTest" time="11.954"/>
  <testcase classname="com.hailo.qa.testcases.LoginPageTest" name="loginPageLogoTest" time="9.973"/>
  <testcase classname="com.hailo.qa.testcases.LoginPageTest" name="loginTest" time="16.778"/>
</testsuite> <!-- com.hailo.qa.testcases.LoginPageTest -->
