<?xml version="1.0" encoding="UTF-8"?>
<!-- Generated by org.testng.reporters.JUnitReportReporter -->
<testsuite hostname="MJBPUNL013" failures="0" tests="1" name="com.hailo.qa.testcases.AddPromoItemTest" time="37.016" errors="0" timestamp="05 Feb 2021 15:44:05 GMT" skipped="0">
  <testcase classname="com.hailo.qa.testcases.AddPromoItemTest" name="createNewPromo" time="37.016"/>
</testsuite> <!-- com.hailo.qa.testcases.AddPromoItemTest -->
