<?xml version="1.0" encoding="UTF-8"?>
<!-- Generated by org.testng.reporters.JUnitReportReporter -->
<testsuite skipped="0" hostname="DESKTOP-PGP87JA" name="com.hailo.qa.testcases.ProductCategoriesTest" tests="5" failures="0" timestamp="14 Feb 2021 04:40:58 GMT" time="210.651" errors="0">
  <testcase name="doSearchAndOpenProductCategory" time="39.052" classname="com.hailo.qa.testcases.ProductCategoriesTest"/>
  <testcase name="createNewSubcategory" time="39.367" classname="com.hailo.qa.testcases.ProductCategoriesTest"/>
  <testcase name="viewSubcategory" time="36.659" classname="com.hailo.qa.testcases.ProductCategoriesTest"/>
  <testcase name="updateSubcategory" time="43.820" classname="com.hailo.qa.testcases.ProductCategoriesTest"/>
  <testcase name="deleteSubcategory" time="51.753" classname="com.hailo.qa.testcases.ProductCategoriesTest"/>
</testsuite> <!-- com.hailo.qa.testcases.ProductCategoriesTest -->
